[16:52:30] [Server thread/INFO]: Starting minecraft server version 1.8
[16:52:30] [Server thread/INFO]: Loading properties
[16:52:30] [Server thread/WARN]: server.properties does not exist
[16:52:30] [Server thread/INFO]: Generating new properties file
[16:52:30] [Server console handler/ERROR]: Exception handling console input
java.io.IOException: The handle is invalid
	at java.base/java.io.FileInputStream.readBytes(Native Method) ~[?:?]
	at java.base/java.io.FileInputStream.read(FileInputStream.java:276) ~[?:?]
	at java.base/java.io.BufferedInputStream.fill(BufferedInputStream.java:244) ~[?:?]
	at java.base/java.io.BufferedInputStream.read(BufferedInputStream.java:263) ~[?:?]
	at org.bukkit.craftbukkit.libs.jline.internal.NonBlockingInputStream.read(NonBlockingInputStream.java:248) ~[AnimatedTab-1.0.jar:git-Bukkit-7019900e]
	at org.bukkit.craftbukkit.libs.jline.internal.InputStreamReader.read(InputStreamReader.java:261) ~[AnimatedTab-1.0.jar:git-Bukkit-7019900e]
	at org.bukkit.craftbukkit.libs.jline.internal.InputStreamReader.read(InputStreamReader.java:198) ~[AnimatedTab-1.0.jar:git-Bukkit-7019900e]
	at org.bukkit.craftbukkit.libs.jline.console.ConsoleReader.readCharacter(ConsoleReader.java:2145) ~[AnimatedTab-1.0.jar:git-Bukkit-7019900e]
	at org.bukkit.craftbukkit.libs.jline.console.ConsoleReader.readLineSimple(ConsoleReader.java:3183) ~[AnimatedTab-1.0.jar:git-Bukkit-7019900e]
	at org.bukkit.craftbukkit.libs.jline.console.ConsoleReader.readLine(ConsoleReader.java:2333) ~[AnimatedTab-1.0.jar:git-Bukkit-7019900e]
	at org.bukkit.craftbukkit.libs.jline.console.ConsoleReader.readLine(ConsoleReader.java:2269) ~[AnimatedTab-1.0.jar:git-Bukkit-7019900e]
	at org.bukkit.craftbukkit.libs.jline.console.ConsoleReader.readLine(ConsoleReader.java:2257) ~[AnimatedTab-1.0.jar:git-Bukkit-7019900e]
	at net.minecraft.server.v1_8_R1.ThreadCommandReader.run(ThreadCommandReader.java:35) [AnimatedTab-1.0.jar:git-Bukkit-7019900e]
[16:52:30] [Server thread/WARN]: Failed to load eula.txt
[16:52:30] [Server thread/INFO]: You need to agree to the EULA in order to run the server. Go to eula.txt for more info.
[16:52:30] [Server thread/INFO]: Stopping server
